<?xml version="1.0" encoding="UTF-8"?>
<testsuite name="LibraryTest" tests="3" skipped="0" failures="0" errors="0" timestamp="2019-02-03T02:54:21" hostname="NIGSA938660" time="10.459">
  <properties/>
  <testcase name="validateNAV" classname="LibraryTest" time="5.683"/>
  <testcase name="givenUrl_whenJsonResponseConformsToSchema_thenCorrect" classname="LibraryTest" time="2.504"/>
  <testcase name="statusCodeTest" classname="LibraryTest" time="2.272"/>
  <system-out><![CDATA[8205
74.1537
8203
50.9875
8218
50.8736
8217
47.3009
8209
59.9646
8220
50.4017
8219
50.9055
8202
46.8983
8225
46.0755
8204
64.0818
8212
67.4191
8213
63.4361
8228
50.6892
8227
48.5673
8207
49.6392
8206
82.306
8210
53.9354
8208
50.2127
8215
62.1011
0991
49.0
0970
138.75
8224
50.9335
8214
51.0743
8200
50.6326
8216
48.1631
8211
52.9369
8221
50.1063
8201
51.8794
maximum 138.75
]]></system-out>
  <system-err><![CDATA[]]></system-err>
</testsuite>
